<testExecutions version="1">
  <file path="tests/basic.test.ts">
    <testCase name="shopIndex - mounts properly" duration="7" />
  </file>
</testExecutions>